----------------------------------------
Timestamp: 7/12/2022 3:38:47 PM

Message: Scheduler: Task executed: 'Telerik.Sitefinity.ExternalNotifications.ExternalNotificationsRetrieverTask'. Start time: 7/12/2022 3:38:44 PM. End time: 7/12/2022 3:38:47 PM. Task data: '{}'


----------------------------------------
----------------------------------------
Timestamp: 7/12/2022 3:38:47 PM

Message: Scheduler: Task executed: 'Telerik.Sitefinity.Services.Notifications.Scheduling.NotificationsCleanupTask'. Start time: 7/12/2022 3:38:44 PM. End time: 7/12/2022 3:38:47 PM. Task data: ''


----------------------------------------
----------------------------------------
Timestamp: 7/12/2022 3:38:49 PM

Message: Scheduler: Task executed: 'Telerik.Sitefinity.ServiceHooks.Scheduling.ServiceHooksActivitiesCleanupTask'. Start time: 7/12/2022 3:38:49 PM. End time: 7/12/2022 3:38:49 PM. Task data: ''


----------------------------------------
----------------------------------------
Timestamp: 7/12/2022 3:38:49 PM

Message: Scheduler: Task executed: 'Telerik.Sitefinity.ABTesting.Scheduling.ABTestsSyncTask'. Start time: 7/12/2022 3:38:49 PM. End time: 7/12/2022 3:38:49 PM. Task data: ''


----------------------------------------
----------------------------------------
Timestamp: 7/12/2022 3:38:49 PM

Message: Scheduler: Task executed: 'Telerik.Sitefinity.Versioning.Cleaner.VersioningCleanerTask'. Start time: 7/12/2022 3:38:49 PM. End time: 7/12/2022 3:38:49 PM. Task data: ''


----------------------------------------
----------------------------------------
Timestamp: 7/12/2022 3:38:50 PM

Message: Scheduler: Task executed: 'Telerik.Sitefinity.Translations.Synchronization.TranslationSyncTask'. Start time: 7/12/2022 3:38:49 PM. End time: 7/12/2022 3:38:50 PM. Task data: ''


----------------------------------------
----------------------------------------
Timestamp: 7/12/2022 3:38:50 PM

Message: Scheduler: Task executed: 'Telerik.Sitefinity.Translations.Synchronization.TranslationImportTask'. Start time: 7/12/2022 3:38:50 PM. End time: 7/12/2022 3:38:50 PM. Task data: ''


----------------------------------------
----------------------------------------
Timestamp: 7/12/2022 3:38:57 PM

Message: Scheduler: Task executed: 'Telerik.Sitefinity.UsageTracking.Scheduling.UsageTrackingTask'. Start time: 7/12/2022 3:38:49 PM. End time: 7/12/2022 3:38:57 PM. Task data: ''


----------------------------------------
----------------------------------------
Timestamp: 7/12/2022 6:30:07 PM

Message: Scheduler: Task executed: 'Telerik.Sitefinity.Translations.Synchronization.TranslationSyncTask'. Start time: 7/12/2022 6:30:07 PM. End time: 7/12/2022 6:30:07 PM. Task data: ''


----------------------------------------
----------------------------------------
Timestamp: 7/12/2022 6:30:07 PM

Message: Scheduler: Task executed: 'Telerik.Sitefinity.ExternalNotifications.ExternalNotificationsRetrieverTask'. Start time: 7/12/2022 6:30:07 PM. End time: 7/12/2022 6:30:07 PM. Task data: '{}'


----------------------------------------
----------------------------------------
Timestamp: 7/12/2022 6:30:07 PM

Message: Scheduler: Task executed: 'Telerik.Sitefinity.Services.Notifications.Scheduling.NotificationsCleanupTask'. Start time: 7/12/2022 6:30:07 PM. End time: 7/12/2022 6:30:07 PM. Task data: ''


----------------------------------------
----------------------------------------
Timestamp: 7/12/2022 6:30:07 PM

Message: Scheduler: Task executed: 'Telerik.Sitefinity.ServiceHooks.Scheduling.ServiceHooksActivitiesCleanupTask'. Start time: 7/12/2022 6:30:07 PM. End time: 7/12/2022 6:30:07 PM. Task data: ''


----------------------------------------
----------------------------------------
Timestamp: 7/12/2022 6:30:10 PM

Message: Scheduler: Task executed: 'Telerik.Sitefinity.UsageTracking.Scheduling.UsageTrackingTask'. Start time: 7/12/2022 6:30:07 PM. End time: 7/12/2022 6:30:10 PM. Task data: ''


----------------------------------------
----------------------------------------
Timestamp: 7/12/2022 6:30:12 PM

Message: Scheduler: Task executed: 'Telerik.Sitefinity.Translations.Synchronization.TranslationImportTask'. Start time: 7/12/2022 6:30:12 PM. End time: 7/12/2022 6:30:12 PM. Task data: ''


----------------------------------------
----------------------------------------
Timestamp: 7/12/2022 6:31:06 PM

Message: Scheduler: Task executed: 'Telerik.Sitefinity.ABTesting.Scheduling.ABTestsSyncTask'. Start time: 7/12/2022 6:31:06 PM. End time: 7/12/2022 6:31:06 PM. Task data: ''


----------------------------------------
